<?xml version="1.0" encoding="UTF-8"?>
<!-- Generated by org.testng.reporters.JUnitReportReporter -->
<testsuite hostname="Surriyaa-Asus" failures="0" tests="4" name="com.amazon.qa.testcases.SearchPageTest" time="53.079" errors="0" timestamp="2024-12-11T18:06:54 IST" skipped="0">
  <testcase classname="com.amazon.qa.testcases.SearchPageTest" name="testSearchProduct" time="14.421"/>
  <testcase classname="com.amazon.qa.testcases.SearchPageTest" name="testSearchProduct" time="9.661"/>
  <testcase classname="com.amazon.qa.testcases.SearchPageTest" name="testSearchProduct" time="16.027"/>
  <testcase classname="com.amazon.qa.testcases.SearchPageTest" name="testSearchProduct" time="12.970"/>
</testsuite> <!-- com.amazon.qa.testcases.SearchPageTest -->
