<?xml version="1.0" encoding="UTF-8"?>
<!-- Generated by org.testng.reporters.JUnitReportReporter -->
<testsuite hostname="Surriyaa-Asus" failures="0" tests="5" name="com.amazon.qa.testcases.ReturnsAndOrdersTest" time="106.065" errors="0" timestamp="2024-12-12T15:01:57 IST" skipped="0">
  <testcase classname="com.amazon.qa.testcases.ReturnsAndOrdersTest" name="returnAndOrdersTitleTest" time="21.305"/>
  <testcase classname="com.amazon.qa.testcases.ReturnsAndOrdersTest" name="yourOrdersTest" time="19.550"/>
  <testcase classname="com.amazon.qa.testcases.ReturnsAndOrdersTest" name="buyAgainTitleTest" time="20.533"/>
  <testcase classname="com.amazon.qa.testcases.ReturnsAndOrdersTest" name="cancelledOrdersUrlTest" time="24.736"/>
  <testcase classname="com.amazon.qa.testcases.ReturnsAndOrdersTest" name="searchPageTest" time="19.941"/>
</testsuite> <!-- com.amazon.qa.testcases.ReturnsAndOrdersTest -->
